Experiment name already exists. Changing to experiments/07dec_supervised_1
Model has 0 frozen parameters
Model has 556,394 trainable parameters
Model has 556,394 parameters
Epoch[1/50] Train Loss: 2.08, Val Loss: 1.93, Val Acc: 0.27, LR: 1.00e-04
Best model saved at experiments/07dec_supervised_1/weights.pth
Checkpoint saved at experiments/07dec_supervised_1/last_checkpoint.pt
Epoch[2/50] Train Loss: 1.81, Val Loss: 1.71, Val Acc: 0.34, LR: 1.00e-04
Best model saved at experiments/07dec_supervised_1/weights.pth
Checkpoint saved at experiments/07dec_supervised_1/last_checkpoint.pt
Epoch[3/50] Train Loss: 1.64, Val Loss: 1.61, Val Acc: 0.38, LR: 1.00e-04
Best model saved at experiments/07dec_supervised_1/weights.pth
Checkpoint saved at experiments/07dec_supervised_1/last_checkpoint.pt
Epoch[4/50] Train Loss: 1.53, Val Loss: 1.51, Val Acc: 0.41, LR: 1.00e-04
Best model saved at experiments/07dec_supervised_1/weights.pth
Checkpoint saved at experiments/07dec_supervised_1/last_checkpoint.pt
Epoch[5/50] Train Loss: 1.46, Val Loss: 1.53, Val Acc: 0.42, LR: 1.00e-04
Checkpoint saved at experiments/07dec_supervised_1/last_checkpoint.pt
Epoch[6/50] Train Loss: 1.41, Val Loss: 1.39, Val Acc: 0.45, LR: 1.00e-04
Best model saved at experiments/07dec_supervised_1/weights.pth
Checkpoint saved at experiments/07dec_supervised_1/last_checkpoint.pt
Epoch[7/50] Train Loss: 1.36, Val Loss: 1.35, Val Acc: 0.47, LR: 1.00e-04
Best model saved at experiments/07dec_supervised_1/weights.pth
Checkpoint saved at experiments/07dec_supervised_1/last_checkpoint.pt
Epoch[8/50] Train Loss: 1.33, Val Loss: 1.35, Val Acc: 0.47, LR: 1.00e-04
Checkpoint saved at experiments/07dec_supervised_1/last_checkpoint.pt
Epoch[9/50] Train Loss: 1.30, Val Loss: 1.30, Val Acc: 0.49, LR: 1.00e-04
Best model saved at experiments/07dec_supervised_1/weights.pth
Checkpoint saved at experiments/07dec_supervised_1/last_checkpoint.pt
Epoch[10/50] Train Loss: 1.28, Val Loss: 1.32, Val Acc: 0.49, LR: 1.00e-04
Checkpoint saved at experiments/07dec_supervised_1/last_checkpoint.pt
Epoch[11/50] Train Loss: 1.26, Val Loss: 1.27, Val Acc: 0.49, LR: 1.00e-04
Best model saved at experiments/07dec_supervised_1/weights.pth
Checkpoint saved at experiments/07dec_supervised_1/last_checkpoint.pt
Epoch[12/50] Train Loss: 1.24, Val Loss: 1.27, Val Acc: 0.50, LR: 1.00e-04
Best model saved at experiments/07dec_supervised_1/weights.pth
Checkpoint saved at experiments/07dec_supervised_1/last_checkpoint.pt
Epoch[13/50] Train Loss: 1.22, Val Loss: 1.23, Val Acc: 0.51, LR: 1.00e-04
Best model saved at experiments/07dec_supervised_1/weights.pth
Checkpoint saved at experiments/07dec_supervised_1/last_checkpoint.pt
Epoch[14/50] Train Loss: 1.20, Val Loss: 1.23, Val Acc: 0.51, LR: 1.00e-04
Best model saved at experiments/07dec_supervised_1/weights.pth
Checkpoint saved at experiments/07dec_supervised_1/last_checkpoint.pt
Epoch[15/50] Train Loss: 1.19, Val Loss: 1.21, Val Acc: 0.52, LR: 1.00e-04
Best model saved at experiments/07dec_supervised_1/weights.pth
Checkpoint saved at experiments/07dec_supervised_1/last_checkpoint.pt
Epoch[16/50] Train Loss: 1.18, Val Loss: 1.30, Val Acc: 0.50, LR: 1.00e-04
Checkpoint saved at experiments/07dec_supervised_1/last_checkpoint.pt
Epoch[17/50] Train Loss: 1.17, Val Loss: 1.25, Val Acc: 0.51, LR: 1.00e-04
Checkpoint saved at experiments/07dec_supervised_1/last_checkpoint.pt
Epoch[18/50] Train Loss: 1.16, Val Loss: 1.24, Val Acc: 0.51, LR: 1.00e-04
Checkpoint saved at experiments/07dec_supervised_1/last_checkpoint.pt
Epoch[19/50] Train Loss: 1.14, Val Loss: 1.20, Val Acc: 0.52, LR: 1.00e-04
Best model saved at experiments/07dec_supervised_1/weights.pth
Checkpoint saved at experiments/07dec_supervised_1/last_checkpoint.pt
Epoch[20/50] Train Loss: 1.14, Val Loss: 1.18, Val Acc: 0.53, LR: 1.00e-04
Best model saved at experiments/07dec_supervised_1/weights.pth
Checkpoint saved at experiments/07dec_supervised_1/last_checkpoint.pt
Epoch[21/50] Train Loss: 1.13, Val Loss: 1.21, Val Acc: 0.51, LR: 1.00e-04
Checkpoint saved at experiments/07dec_supervised_1/last_checkpoint.pt
Epoch[22/50] Train Loss: 1.12, Val Loss: 1.18, Val Acc: 0.53, LR: 1.00e-04
Checkpoint saved at experiments/07dec_supervised_1/last_checkpoint.pt
Epoch[23/50] Train Loss: 1.11, Val Loss: 1.17, Val Acc: 0.53, LR: 1.00e-04
Best model saved at experiments/07dec_supervised_1/weights.pth
Checkpoint saved at experiments/07dec_supervised_1/last_checkpoint.pt
Epoch[24/50] Train Loss: 1.10, Val Loss: 1.28, Val Acc: 0.51, LR: 1.00e-04
Checkpoint saved at experiments/07dec_supervised_1/last_checkpoint.pt
Epoch[25/50] Train Loss: 1.09, Val Loss: 1.16, Val Acc: 0.53, LR: 1.00e-04
Best model saved at experiments/07dec_supervised_1/weights.pth
Checkpoint saved at experiments/07dec_supervised_1/last_checkpoint.pt
Epoch[26/50] Train Loss: 1.09, Val Loss: 1.25, Val Acc: 0.52, LR: 1.00e-04
Checkpoint saved at experiments/07dec_supervised_1/last_checkpoint.pt
Epoch[27/50] Train Loss: 1.08, Val Loss: 1.36, Val Acc: 0.49, LR: 1.00e-04
Checkpoint saved at experiments/07dec_supervised_1/last_checkpoint.pt
Epoch[28/50] Train Loss: 1.07, Val Loss: 1.16, Val Acc: 0.53, LR: 1.00e-04
Best model saved at experiments/07dec_supervised_1/weights.pth
Checkpoint saved at experiments/07dec_supervised_1/last_checkpoint.pt
Epoch[29/50] Train Loss: 1.07, Val Loss: 1.19, Val Acc: 0.53, LR: 1.00e-04
Checkpoint saved at experiments/07dec_supervised_1/last_checkpoint.pt
Epoch[30/50] Train Loss: 1.06, Val Loss: 1.15, Val Acc: 0.54, LR: 1.00e-04
Best model saved at experiments/07dec_supervised_1/weights.pth
Checkpoint saved at experiments/07dec_supervised_1/last_checkpoint.pt
Epoch[31/50] Train Loss: 1.06, Val Loss: 1.19, Val Acc: 0.53, LR: 1.00e-04
Checkpoint saved at experiments/07dec_supervised_1/last_checkpoint.pt
Epoch[32/50] Train Loss: 1.05, Val Loss: 1.20, Val Acc: 0.53, LR: 1.00e-04
Checkpoint saved at experiments/07dec_supervised_1/last_checkpoint.pt
Epoch[33/50] Train Loss: 1.04, Val Loss: 1.17, Val Acc: 0.53, LR: 1.00e-04
Checkpoint saved at experiments/07dec_supervised_1/last_checkpoint.pt
Epoch[34/50] Train Loss: 1.04, Val Loss: 1.35, Val Acc: 0.50, LR: 1.00e-04
Checkpoint saved at experiments/07dec_supervised_1/last_checkpoint.pt
Epoch[35/50] Train Loss: 1.03, Val Loss: 1.29, Val Acc: 0.51, LR: 1.00e-04
Checkpoint saved at experiments/07dec_supervised_1/last_checkpoint.pt
Epoch[36/50] Train Loss: 1.03, Val Loss: 1.19, Val Acc: 0.53, LR: 1.00e-04
Checkpoint saved at experiments/07dec_supervised_1/last_checkpoint.pt
Epoch[37/50] Train Loss: 1.02, Val Loss: 1.21, Val Acc: 0.53, LR: 1.00e-04
Checkpoint saved at experiments/07dec_supervised_1/last_checkpoint.pt
Epoch[38/50] Train Loss: 1.02, Val Loss: 1.18, Val Acc: 0.54, LR: 1.00e-04
Checkpoint saved at experiments/07dec_supervised_1/last_checkpoint.pt
Epoch[39/50] Train Loss: 1.01, Val Loss: 1.27, Val Acc: 0.52, LR: 1.00e-04
Checkpoint saved at experiments/07dec_supervised_1/last_checkpoint.pt
Epoch[40/50] Train Loss: 1.01, Val Loss: 1.19, Val Acc: 0.53, LR: 1.00e-04
Checkpoint saved at experiments/07dec_supervised_1/last_checkpoint.pt
Epoch[41/50] Train Loss: 1.00, Val Loss: 1.21, Val Acc: 0.53, LR: 1.00e-05
Checkpoint saved at experiments/07dec_supervised_1/last_checkpoint.pt
Epoch[42/50] Train Loss: 0.97, Val Loss: 1.17, Val Acc: 0.54, LR: 1.00e-05
Checkpoint saved at experiments/07dec_supervised_1/last_checkpoint.pt
Epoch[43/50] Train Loss: 0.97, Val Loss: 1.18, Val Acc: 0.54, LR: 1.00e-05
Checkpoint saved at experiments/07dec_supervised_1/last_checkpoint.pt
Epoch[44/50] Train Loss: 0.96, Val Loss: 1.18, Val Acc: 0.54, LR: 1.00e-05
Checkpoint saved at experiments/07dec_supervised_1/last_checkpoint.pt
slurmstepd: error: *** JOB 33441987 ON fg5 CANCELLED AT 2024-12-07T23:17:46 DUE TO TIME LIMIT ***
